{"C:\\Users\\leona\\Documents\\Projects\\server_side\\Projetos\\EventHub\\routes\\index.js": {"path":"C:\\Users\\leona\\Documents\\Projects\\server_side\\Projetos\\EventHub\\routes\\index.js","statementMap":{"0":{"start":{"line":1,"column":14},"end":{"line":1,"column":32}},"1":{"start":{"line":2,"column":13},"end":{"line":2,"column":29}},"2":{"start":{"line":12,"column":0},"end":{"line":18,"column":3}},"3":{"start":{"line":13,"column":2},"end":{"line":15,"column":3}},"4":{"start":{"line":14,"column":4},"end":{"line":14,"column":28}},"5":{"start":{"line":17,"column":2},"end":{"line":17,"column":54}},"6":{"start":{"line":21,"column":0},"end":{"line":41,"column":3}},"7":{"start":{"line":23,"column":21},"end":{"line":23,"column":58}},"8":{"start":{"line":24,"column":18},"end":{"line":24,"column":52}},"9":{"start":{"line":27,"column":20},"end":{"line":29,"column":3}},"10":{"start":{"line":33,"column":23},"end":{"line":33,"column":56}},"11":{"start":{"line":33,"column":44},"end":{"line":33,"column":55}},"12":{"start":{"line":36,"column":2},"end":{"line":40,"column":5}},"13":{"start":{"line":44,"column":0},"end":{"line":50,"column":3}},"14":{"start":{"line":45,"column":20},"end":{"line":45,"column":33}},"15":{"start":{"line":46,"column":17},"end":{"line":46,"column":68}},"16":{"start":{"line":47,"column":2},"end":{"line":49,"column":5}},"17":{"start":{"line":53,"column":0},"end":{"line":65,"column":2}},"18":{"start":{"line":57,"column":25},"end":{"line":57,"column":38}},"19":{"start":{"line":58,"column":23},"end":{"line":58,"column":60}},"20":{"start":{"line":59,"column":20},"end":{"line":59,"column":78}},"21":{"start":{"line":60,"column":4},"end":{"line":63,"column":7}},"22":{"start":{"line":75,"column":0},"end":{"line":84,"column":3}},"23":{"start":{"line":76,"column":16},"end":{"line":76,"column":30}},"24":{"start":{"line":77,"column":16},"end":{"line":77,"column":30}},"25":{"start":{"line":79,"column":18},"end":{"line":79,"column":68}},"26":{"start":{"line":81,"column":2},"end":{"line":81,"column":43}},"27":{"start":{"line":82,"column":2},"end":{"line":82,"column":41}},"28":{"start":{"line":83,"column":2},"end":{"line":83,"column":26}},"29":{"start":{"line":87,"column":0},"end":{"line":108,"column":3}},"30":{"start":{"line":88,"column":20},"end":{"line":88,"column":33}},"31":{"start":{"line":89,"column":21},"end":{"line":89,"column":41}},"32":{"start":{"line":92,"column":23},"end":{"line":95,"column":3}},"33":{"start":{"line":97,"column":2},"end":{"line":97,"column":37}},"34":{"start":{"line":99,"column":2},"end":{"line":105,"column":3}},"35":{"start":{"line":101,"column":4},"end":{"line":101,"column":65}},"36":{"start":{"line":104,"column":4},"end":{"line":104,"column":62}},"37":{"start":{"line":107,"column":2},"end":{"line":107,"column":48}},"38":{"start":{"line":117,"column":2},"end":{"line":119,"column":3}},"39":{"start":{"line":118,"column":4},"end":{"line":118,"column":29}},"40":{"start":{"line":120,"column":2},"end":{"line":120,"column":9}},"41":{"start":{"line":123,"column":0},"end":{"line":123,"column":24}}},"fnMap":{"0":{"name":"(anonymous_0)","decl":{"start":{"line":12,"column":16},"end":{"line":12,"column":17}},"loc":{"start":{"line":12,"column":42},"end":{"line":18,"column":1}},"line":12},"1":{"name":"(anonymous_1)","decl":{"start":{"line":21,"column":38},"end":{"line":21,"column":39}},"loc":{"start":{"line":21,"column":70},"end":{"line":41,"column":1}},"line":21},"2":{"name":"(anonymous_2)","decl":{"start":{"line":33,"column":37},"end":{"line":33,"column":38}},"loc":{"start":{"line":33,"column":44},"end":{"line":33,"column":55}},"line":33},"3":{"name":"(anonymous_3)","decl":{"start":{"line":44,"column":42},"end":{"line":44,"column":43}},"loc":{"start":{"line":44,"column":74},"end":{"line":50,"column":1}},"line":44},"4":{"name":"(anonymous_4)","decl":{"start":{"line":56,"column":2},"end":{"line":56,"column":3}},"loc":{"start":{"line":56,"column":34},"end":{"line":64,"column":3}},"line":56},"5":{"name":"(anonymous_5)","decl":{"start":{"line":75,"column":22},"end":{"line":75,"column":23}},"loc":{"start":{"line":75,"column":54},"end":{"line":84,"column":1}},"line":75},"6":{"name":"(anonymous_6)","decl":{"start":{"line":87,"column":46},"end":{"line":87,"column":47}},"loc":{"start":{"line":87,"column":78},"end":{"line":108,"column":1}},"line":87},"7":{"name":"verificarLogin","decl":{"start":{"line":116,"column":9},"end":{"line":116,"column":23}},"loc":{"start":{"line":116,"column":40},"end":{"line":121,"column":1}},"line":116}},"branchMap":{"0":{"loc":{"start":{"line":13,"column":2},"end":{"line":15,"column":3}},"type":"if","locations":[{"start":{"line":13,"column":2},"end":{"line":15,"column":3}},{"start":{},"end":{}}],"line":13},"1":{"loc":{"start":{"line":13,"column":6},"end":{"line":13,"column":54}},"type":"binary-expr","locations":[{"start":{"line":13,"column":6},"end":{"line":13,"column":25}},{"start":{"line":13,"column":29},"end":{"line":13,"column":54}}],"line":13},"2":{"loc":{"start":{"line":99,"column":2},"end":{"line":105,"column":3}},"type":"if","locations":[{"start":{"line":99,"column":2},"end":{"line":105,"column":3}},{"start":{"line":102,"column":9},"end":{"line":105,"column":3}}],"line":99},"3":{"loc":{"start":{"line":107,"column":15},"end":{"line":107,"column":46}},"type":"binary-expr","locations":[{"start":{"line":107,"column":15},"end":{"line":107,"column":33}},{"start":{"line":107,"column":37},"end":{"line":107,"column":46}}],"line":107},"4":{"loc":{"start":{"line":117,"column":2},"end":{"line":119,"column":3}},"type":"if","locations":[{"start":{"line":117,"column":2},"end":{"line":119,"column":3}},{"start":{},"end":{}}],"line":117},"5":{"loc":{"start":{"line":117,"column":6},"end":{"line":117,"column":55}},"type":"binary-expr","locations":[{"start":{"line":117,"column":6},"end":{"line":117,"column":26}},{"start":{"line":117,"column":30},"end":{"line":117,"column":55}}],"line":117}},"s":{"0":1,"1":1,"2":1,"3":2,"4":1,"5":2,"6":1,"7":1,"8":1,"9":1,"10":1,"11":1,"12":1,"13":1,"14":0,"15":0,"16":0,"17":1,"18":0,"19":0,"20":0,"21":0,"22":1,"23":1,"24":1,"25":1,"26":1,"27":1,"28":1,"29":1,"30":2,"31":2,"32":2,"33":2,"34":2,"35":1,"36":1,"37":2,"38":5,"39":2,"40":3,"41":1},"f":{"0":2,"1":1,"2":1,"3":0,"4":0,"5":1,"6":2,"7":5},"b":{"0":[1,1],"1":[2,1],"2":[1,1],"3":[2,2],"4":[2,3],"5":[5,3]},"_coverageSchema":"1a1c01bbd47fc00a2c39e90264f33305004495a9","hash":"5d25c4bffb646bfb81b0f00afe071846068920c0"}
}
