{"C:\\Users\\leona\\Documents\\Projects\\server_side\\Projetos\\EventHub\\routes\\admin.js": {"path":"C:\\Users\\leona\\Documents\\Projects\\server_side\\Projetos\\EventHub\\routes\\admin.js","statementMap":{"0":{"start":{"line":1,"column":14},"end":{"line":1,"column":32}},"1":{"start":{"line":2,"column":13},"end":{"line":2,"column":29}},"2":{"start":{"line":5,"column":0},"end":{"line":11,"column":3}},"3":{"start":{"line":6,"column":2},"end":{"line":8,"column":3}},"4":{"start":{"line":7,"column":4},"end":{"line":7,"column":37}},"5":{"start":{"line":10,"column":2},"end":{"line":10,"column":78}},"6":{"start":{"line":14,"column":0},"end":{"line":21,"column":3}},"7":{"start":{"line":15,"column":2},"end":{"line":15,"column":47}},"8":{"start":{"line":16,"column":2},"end":{"line":20,"column":5}},"9":{"start":{"line":24,"column":0},"end":{"line":54,"column":3}},"10":{"start":{"line":25,"column":17},"end":{"line":31,"column":3}},"11":{"start":{"line":33,"column":2},"end":{"line":53,"column":3}},"12":{"start":{"line":39,"column":4},"end":{"line":44,"column":7}},"13":{"start":{"line":46,"column":4},"end":{"line":52,"column":5}},"14":{"start":{"line":47,"column":6},"end":{"line":47,"column":43}},"15":{"start":{"line":48,"column":6},"end":{"line":48,"column":51}},"16":{"start":{"line":50,"column":6},"end":{"line":50,"column":59}},"17":{"start":{"line":51,"column":6},"end":{"line":51,"column":51}},"18":{"start":{"line":57,"column":0},"end":{"line":74,"column":2}},"19":{"start":{"line":61,"column":19},"end":{"line":68,"column":5}},"20":{"start":{"line":70,"column":4},"end":{"line":70,"column":41}},"21":{"start":{"line":72,"column":4},"end":{"line":72,"column":49}},"22":{"start":{"line":77,"column":0},"end":{"line":87,"column":2}},"23":{"start":{"line":81,"column":22},"end":{"line":81,"column":35}},"24":{"start":{"line":83,"column":4},"end":{"line":83,"column":41}},"25":{"start":{"line":85,"column":4},"end":{"line":85,"column":49}},"26":{"start":{"line":90,"column":0},"end":{"line":99,"column":3}},"27":{"start":{"line":91,"column":16},"end":{"line":91,"column":30}},"28":{"start":{"line":92,"column":16},"end":{"line":92,"column":30}},"29":{"start":{"line":94,"column":16},"end":{"line":94,"column":64}},"30":{"start":{"line":96,"column":2},"end":{"line":96,"column":39}},"31":{"start":{"line":97,"column":2},"end":{"line":97,"column":37}},"32":{"start":{"line":98,"column":2},"end":{"line":98,"column":47}},"33":{"start":{"line":102,"column":2},"end":{"line":104,"column":3}},"34":{"start":{"line":103,"column":4},"end":{"line":103,"column":34}},"35":{"start":{"line":105,"column":2},"end":{"line":105,"column":9}},"36":{"start":{"line":108,"column":0},"end":{"line":108,"column":24}}},"fnMap":{"0":{"name":"(anonymous_0)","decl":{"start":{"line":5,"column":16},"end":{"line":5,"column":17}},"loc":{"start":{"line":5,"column":42},"end":{"line":11,"column":1}},"line":5},"1":{"name":"(anonymous_1)","decl":{"start":{"line":14,"column":46},"end":{"line":14,"column":47}},"loc":{"start":{"line":14,"column":78},"end":{"line":21,"column":1}},"line":14},"2":{"name":"(anonymous_2)","decl":{"start":{"line":24,"column":45},"end":{"line":24,"column":46}},"loc":{"start":{"line":24,"column":77},"end":{"line":54,"column":1}},"line":24},"3":{"name":"(anonymous_3)","decl":{"start":{"line":60,"column":2},"end":{"line":60,"column":3}},"loc":{"start":{"line":60,"column":34},"end":{"line":73,"column":3}},"line":60},"4":{"name":"(anonymous_4)","decl":{"start":{"line":80,"column":2},"end":{"line":80,"column":3}},"loc":{"start":{"line":80,"column":34},"end":{"line":86,"column":3}},"line":80},"5":{"name":"(anonymous_5)","decl":{"start":{"line":90,"column":22},"end":{"line":90,"column":23}},"loc":{"start":{"line":90,"column":54},"end":{"line":99,"column":1}},"line":90},"6":{"name":"verificarLoginAdmin","decl":{"start":{"line":101,"column":9},"end":{"line":101,"column":28}},"loc":{"start":{"line":101,"column":45},"end":{"line":106,"column":1}},"line":101}},"branchMap":{"0":{"loc":{"start":{"line":6,"column":2},"end":{"line":8,"column":3}},"type":"if","locations":[{"start":{"line":6,"column":2},"end":{"line":8,"column":3}},{"start":{},"end":{}}],"line":6},"1":{"loc":{"start":{"line":6,"column":6},"end":{"line":6,"column":50}},"type":"binary-expr","locations":[{"start":{"line":6,"column":6},"end":{"line":6,"column":23}},{"start":{"line":6,"column":27},"end":{"line":6,"column":50}}],"line":6},"2":{"loc":{"start":{"line":33,"column":2},"end":{"line":53,"column":3}},"type":"if","locations":[{"start":{"line":33,"column":2},"end":{"line":53,"column":3}},{"start":{"line":45,"column":9},"end":{"line":53,"column":3}}],"line":33},"3":{"loc":{"start":{"line":34,"column":4},"end":{"line":37,"column":27}},"type":"binary-expr","locations":[{"start":{"line":34,"column":4},"end":{"line":34,"column":27}},{"start":{"line":35,"column":4},"end":{"line":35,"column":27}},{"start":{"line":36,"column":4},"end":{"line":36,"column":27}},{"start":{"line":37,"column":4},"end":{"line":37,"column":27}}],"line":34},"4":{"loc":{"start":{"line":102,"column":2},"end":{"line":104,"column":3}},"type":"if","locations":[{"start":{"line":102,"column":2},"end":{"line":104,"column":3}},{"start":{},"end":{}}],"line":102},"5":{"loc":{"start":{"line":102,"column":6},"end":{"line":102,"column":51}},"type":"binary-expr","locations":[{"start":{"line":102,"column":6},"end":{"line":102,"column":24}},{"start":{"line":102,"column":28},"end":{"line":102,"column":51}}],"line":102}},"s":{"0":1,"1":1,"2":1,"3":0,"4":0,"5":0,"6":1,"7":0,"8":0,"9":1,"10":0,"11":0,"12":0,"13":0,"14":0,"15":0,"16":0,"17":0,"18":1,"19":0,"20":0,"21":0,"22":1,"23":0,"24":0,"25":0,"26":1,"27":0,"28":0,"29":0,"30":0,"31":0,"32":0,"33":0,"34":0,"35":0,"36":1},"f":{"0":0,"1":0,"2":0,"3":0,"4":0,"5":0,"6":0},"b":{"0":[0,0],"1":[0,0],"2":[0,0],"3":[0,0,0,0],"4":[0,0],"5":[0,0]},"_coverageSchema":"1a1c01bbd47fc00a2c39e90264f33305004495a9","hash":"846d15703cfc792e119505c45e4dc00b65b3576a"}
}
