TN:
SF:routes\index.js
FN:12,(anonymous_0)
FN:21,(anonymous_1)
FN:33,(anonymous_2)
FN:44,(anonymous_3)
FN:56,(anonymous_4)
FN:75,(anonymous_5)
FN:87,(anonymous_6)
FN:116,verificarLogin
FNF:8
FNH:6
FNDA:2,(anonymous_0)
FNDA:1,(anonymous_1)
FNDA:1,(anonymous_2)
FNDA:0,(anonymous_3)
FNDA:0,(anonymous_4)
FNDA:1,(anonymous_5)
FNDA:2,(anonymous_6)
FNDA:5,verificarLogin
DA:1,1
DA:2,1
DA:12,1
DA:13,2
DA:14,1
DA:17,2
DA:21,1
DA:23,1
DA:24,1
DA:27,1
DA:33,1
DA:36,1
DA:44,1
DA:45,0
DA:46,0
DA:47,0
DA:53,1
DA:57,0
DA:58,0
DA:59,0
DA:60,0
DA:75,1
DA:76,1
DA:77,1
DA:79,1
DA:81,1
DA:82,1
DA:83,1
DA:87,1
DA:88,2
DA:89,2
DA:92,2
DA:97,2
DA:99,2
DA:101,1
DA:104,1
DA:107,2
DA:117,5
DA:118,2
DA:120,3
DA:123,1
LF:41
LH:34
BRDA:13,0,0,1
BRDA:13,0,1,1
BRDA:13,1,0,2
BRDA:13,1,1,1
BRDA:99,2,0,1
BRDA:99,2,1,1
BRDA:107,3,0,2
BRDA:107,3,1,2
BRDA:117,4,0,2
BRDA:117,4,1,3
BRDA:117,5,0,5
BRDA:117,5,1,3
BRF:12
BRH:12
end_of_record
